2025-11-23 21:01:45,445 - INFO - Logs file initialized.
2025-11-23 21:01:45,752 - INFO - PubMed API: API key used, full API rate limit exploited.
2025-11-23 21:01:45,752 - INFO - PubMed API: email used.
2025-11-23 21:01:45,761 - INFO - PubMed API: loaded 36176 UIDs from cache.
2025-11-23 21:01:45,761 - INFO - PubMed API: API key used, full API rate limit exploited.
2025-11-23 21:01:45,761 - INFO - PubMed API: email used.
2025-11-23 21:01:45,761 - INFO - PubMed API: no cache found, starting fresh.
2025-11-23 21:01:46,804 - INFO - Starting loading stage.
2025-11-23 21:01:47,823 - INFO - AuraConnector: Successfully Connected To Neo4j Aura.
2025-11-23 21:01:48,436 - INFO - AuraConnector: loaded AMINO_ACID nodes
2025-11-23 21:01:50,580 - INFO - AuraConnector: loaded ORGANISM nodes
2025-11-23 21:01:50,788 - WARNING - AuraConnector: No IMMATERIAL_ANATOMICAL_ENTITY Nodes In data/ready_for_neo4j/entities4neo4j.csv.
2025-11-23 21:01:51,063 - INFO - AuraConnector: loaded ANATOMICAL_SYSTEM nodes
2025-11-23 21:01:51,291 - INFO - AuraConnector: loaded IMMATERIAL_ANATOMICAL_ENTITY nodes
2025-11-23 21:01:51,887 - INFO - AuraConnector: loaded DEVELOPING_ANATOMICAL_STRUCTURE nodes
2025-11-23 21:01:51,953 - INFO - AuraConnector: loaded ORGANISM_SUBSTANCE nodes
2025-11-23 21:01:52,234 - INFO - AuraConnector: loaded ORGANISM_SUBDIVISION nodes
2025-11-23 21:01:52,234 - INFO - AuraConnector: loaded MULTI_TISSUE_STRUCTURE nodes
2025-11-23 21:01:52,238 - INFO - AuraConnector: loaded CELLULAR_COMPONENT nodes
2025-11-23 21:01:52,238 - INFO - AuraConnector: loaded PATHOLOGICAL_FORMATION nodes
2025-11-23 21:01:52,425 - INFO - AuraConnector: loaded TISSUE nodes
2025-11-23 21:01:52,425 - INFO - AuraConnector: loaded ORGAN nodes
2025-11-23 21:01:52,619 - INFO - AuraConnector: loaded CELL nodes
2025-11-23 21:01:52,866 - INFO - AuraConnector: loaded SIMPLE_CHEMICAL nodes
2025-11-23 21:01:52,932 - INFO - AuraConnector: loaded CANCER nodes
2025-11-23 21:01:54,835 - INFO - AuraConnector: loaded GENE_OR_GENE_PRODUCT nodes
2025-11-23 21:01:54,836 - INFO - AuraConnector: loaded nodes successfully.
2025-11-23 21:02:00,669 - INFO - AuraConnector: loaded relations batch 0
2025-11-23 21:02:00,677 - INFO - AuraConnector: loaded relations batch 1
2025-11-23 21:02:00,678 - INFO - AuraConnector: loaded relations batch 2
2025-11-23 21:02:00,719 - INFO - AuraConnector: loaded relations batch 3
2025-11-23 21:02:00,813 - INFO - AuraConnector: loaded relations batch 4
2025-11-23 21:02:00,831 - INFO - AuraConnector: loaded relations batch 5
2025-11-23 21:02:00,832 - INFO - AuraConnector: loaded relations batch 6
2025-11-23 21:02:00,833 - INFO - AuraConnector: loaded relations batch 7
2025-11-23 21:02:00,911 - INFO - AuraConnector: loaded relations batch 8
2025-11-23 21:02:00,921 - INFO - AuraConnector: loaded relations batch 9
2025-11-23 21:02:01,082 - INFO - AuraConnector: loaded relations batch 10
2025-11-23 21:02:01,083 - INFO - AuraConnector: loaded relations batch 11
2025-11-23 21:02:01,223 - INFO - AuraConnector: loaded relations batch 12
2025-11-23 21:02:01,225 - INFO - AuraConnector: loaded relations batch 13
2025-11-23 21:02:01,226 - INFO - AuraConnector: loaded relations batch 14
2025-11-23 21:02:04,514 - INFO - AuraConnector: loaded relations batch 15
2025-11-23 21:02:04,515 - INFO - AuraConnector: loaded relations batch 16
2025-11-23 21:02:04,517 - INFO - AuraConnector: loaded relations batch 17
2025-11-23 21:02:04,518 - INFO - AuraConnector: loaded relations batch 18
2025-11-23 21:02:04,518 - INFO - AuraConnector: loaded relations batch 19
2025-11-23 21:02:04,524 - INFO - AuraConnector: loaded relations batch 20
2025-11-23 21:02:04,525 - INFO - AuraConnector: loaded relations batch 21
2025-11-23 21:02:04,526 - INFO - AuraConnector: loaded relations batch 22
2025-11-23 21:02:04,721 - INFO - AuraConnector: loaded relations batch 23
2025-11-23 21:02:04,722 - INFO - AuraConnector: loaded relations batch 24
2025-11-23 21:02:04,753 - INFO - AuraConnector: loaded relations batch 25
2025-11-23 21:02:04,918 - INFO - AuraConnector: loaded relations batch 26
2025-11-23 21:02:04,965 - INFO - AuraConnector: loaded relations batch 27
2025-11-23 21:02:05,021 - INFO - AuraConnector: loaded relations batch 28
2025-11-23 21:02:05,177 - INFO - AuraConnector: loaded relations batch 29
2025-11-23 21:02:08,714 - INFO - AuraConnector: loaded relations batch 30
2025-11-23 21:02:08,824 - INFO - AuraConnector: loaded relations batch 31
2025-11-23 21:02:08,831 - INFO - AuraConnector: loaded relations batch 32
2025-11-23 21:02:08,922 - INFO - AuraConnector: loaded relations batch 33
2025-11-23 21:02:09,016 - INFO - AuraConnector: loaded relations batch 34
2025-11-23 21:02:09,068 - INFO - AuraConnector: loaded relations batch 35
2025-11-23 21:02:09,141 - INFO - AuraConnector: loaded relations batch 36
2025-11-23 21:02:09,218 - INFO - AuraConnector: loaded relations batch 37
2025-11-23 21:02:09,322 - INFO - AuraConnector: loaded relations batch 38
2025-11-23 21:02:09,379 - INFO - AuraConnector: loaded relations batch 39
2025-11-23 21:02:09,519 - INFO - AuraConnector: loaded relations batch 40
2025-11-23 21:02:09,574 - INFO - AuraConnector: loaded relations batch 41
2025-11-23 21:02:09,655 - INFO - AuraConnector: loaded relations batch 42
2025-11-23 21:02:09,659 - INFO - AuraConnector: loaded relations batch 43
2025-11-23 21:02:10,271 - INFO - AuraConnector: loaded relations batch 44
2025-11-23 21:02:14,150 - INFO - AuraConnector: loaded relations batch 45
2025-11-23 21:02:14,155 - INFO - AuraConnector: loaded relations batch 46
2025-11-23 21:02:14,167 - INFO - AuraConnector: loaded relations batch 47
2025-11-23 21:02:14,214 - INFO - AuraConnector: loaded relations batch 48
2025-11-23 21:02:14,217 - INFO - AuraConnector: loaded relations batch 49
2025-11-23 21:02:14,218 - INFO - AuraConnector: loaded relations batch 50
2025-11-23 21:02:14,219 - INFO - AuraConnector: loaded relations batch 51
2025-11-23 21:02:14,222 - INFO - AuraConnector: loaded relations batch 52
2025-11-23 21:02:14,371 - INFO - AuraConnector: loaded relations batch 53
2025-11-23 21:02:14,620 - INFO - AuraConnector: loaded relations batch 54
2025-11-23 21:02:14,979 - INFO - AuraConnector: loaded relations batch 55
2025-11-23 21:02:15,026 - INFO - AuraConnector: loaded relations batch 56
2025-11-23 21:02:15,119 - INFO - AuraConnector: loaded relations batch 57
2025-11-23 21:02:15,173 - INFO - AuraConnector: loaded relations batch 58
2025-11-23 21:02:15,363 - INFO - AuraConnector: loaded relations batch 59
2025-11-23 21:02:18,695 - INFO - AuraConnector: loaded relations batch 60
2025-11-23 21:02:18,720 - INFO - AuraConnector: loaded relations batch 61
2025-11-23 21:02:18,740 - INFO - AuraConnector: loaded relations batch 62
2025-11-23 21:02:18,766 - INFO - AuraConnector: loaded relations batch 63
2025-11-23 21:02:19,013 - INFO - AuraConnector: loaded relations batch 64
2025-11-23 21:02:19,067 - INFO - AuraConnector: loaded relations batch 65
2025-11-23 21:02:19,074 - INFO - AuraConnector: loaded relations batch 66
2025-11-23 21:02:19,180 - INFO - AuraConnector: loaded relations batch 67
2025-11-23 21:02:19,180 - INFO - AuraConnector: loaded relations batch 68
2025-11-23 21:02:19,220 - INFO - AuraConnector: loaded relations batch 69
2025-11-23 21:02:19,374 - INFO - AuraConnector: loaded relations batch 70
2025-11-23 21:02:19,472 - INFO - AuraConnector: loaded relations batch 71
2025-11-23 21:02:19,515 - INFO - AuraConnector: loaded relations batch 72
2025-11-23 21:02:19,720 - INFO - AuraConnector: loaded relations batch 73
2025-11-23 21:02:20,570 - INFO - AuraConnector: loaded relations batch 74
2025-11-23 21:02:22,616 - INFO - AuraConnector: loaded relations batch 75
2025-11-23 21:02:22,616 - INFO - AuraConnector: loaded relations batch 76
2025-11-23 21:02:22,625 - INFO - AuraConnector: loaded relations batch 77
2025-11-23 21:02:22,650 - INFO - AuraConnector: loaded relations batch 78
2025-11-23 21:02:22,725 - INFO - AuraConnector: loaded relations batch 79
2025-11-23 21:02:22,823 - INFO - AuraConnector: loaded relations batch 80
2025-11-23 21:02:22,853 - INFO - AuraConnector: loaded relations batch 81
2025-11-23 21:02:23,020 - INFO - AuraConnector: loaded relations batch 82
2025-11-23 21:02:23,073 - INFO - AuraConnector: loaded relations batch 83
2025-11-23 21:02:23,218 - INFO - AuraConnector: loaded relations batch 84
2025-11-23 21:02:23,330 - INFO - AuraConnector: loaded relations batch 85
2025-11-23 21:02:23,364 - INFO - AuraConnector: loaded relations batch 86
2025-11-23 21:02:23,566 - INFO - AuraConnector: loaded relations batch 87
2025-11-23 21:02:23,567 - INFO - AuraConnector: loaded relations batch 88
2025-11-23 21:02:24,785 - INFO - AuraConnector: loaded relations batch 89
2025-11-23 21:02:26,464 - INFO - AuraConnector: loaded relations batch 90
2025-11-23 21:02:26,465 - INFO - AuraConnector: loaded relations batch 91
2025-11-23 21:02:26,465 - INFO - AuraConnector: loaded relations batch 92
2025-11-23 21:02:26,468 - INFO - AuraConnector: loaded relations batch 93
2025-11-23 21:02:26,532 - INFO - AuraConnector: loaded relations batch 94
2025-11-23 21:02:26,876 - INFO - AuraConnector: loaded relations batch 95
2025-11-23 21:02:26,876 - INFO - AuraConnector: loaded relations batch 96
2025-11-23 21:02:26,927 - INFO - AuraConnector: loaded relations batch 97
2025-11-23 21:02:27,098 - INFO - AuraConnector: loaded relations batch 98
2025-11-23 21:02:27,418 - INFO - AuraConnector: loaded relations batch 99
2025-11-23 21:02:27,527 - INFO - AuraConnector: loaded relations batch 100
2025-11-23 21:02:27,578 - INFO - AuraConnector: loaded relations batch 101
2025-11-23 21:02:27,633 - INFO - AuraConnector: loaded relations batch 102
2025-11-23 21:02:27,721 - INFO - AuraConnector: loaded relations batch 103
2025-11-23 21:02:29,420 - INFO - AuraConnector: loaded relations batch 104
2025-11-23 21:02:30,373 - INFO - AuraConnector: loaded relations batch 105
2025-11-23 21:02:30,413 - INFO - AuraConnector: loaded relations batch 106
2025-11-23 21:02:30,466 - INFO - AuraConnector: loaded relations batch 107
2025-11-23 21:02:30,513 - INFO - AuraConnector: loaded relations batch 108
2025-11-23 21:02:30,520 - INFO - AuraConnector: loaded relations batch 109
2025-11-23 21:02:30,672 - INFO - AuraConnector: loaded relations batch 110
2025-11-23 21:02:30,767 - INFO - AuraConnector: loaded relations batch 111
2025-11-23 21:02:30,813 - INFO - AuraConnector: loaded relations batch 112
2025-11-23 21:02:31,219 - INFO - AuraConnector: loaded relations batch 113
2025-11-23 21:02:31,222 - INFO - AuraConnector: loaded relations batch 114
2025-11-23 21:02:31,315 - INFO - AuraConnector: loaded relations batch 115
2025-11-23 21:02:31,318 - INFO - AuraConnector: loaded relations batch 116
2025-11-23 21:02:31,522 - INFO - AuraConnector: loaded relations batch 117
2025-11-23 21:02:31,771 - INFO - AuraConnector: loaded relations batch 118
2025-11-23 21:02:33,623 - INFO - AuraConnector: loaded relations batch 119
2025-11-23 21:02:34,446 - INFO - AuraConnector: loaded relations batch 120
2025-11-23 21:02:34,563 - INFO - AuraConnector: loaded relations batch 121
2025-11-23 21:02:34,614 - INFO - AuraConnector: loaded relations batch 122
2025-11-23 21:02:34,615 - INFO - AuraConnector: loaded relations batch 123
2025-11-23 21:02:34,618 - INFO - AuraConnector: loaded relations batch 124
2025-11-23 21:02:34,821 - INFO - AuraConnector: loaded relations batch 125
2025-11-23 21:02:35,076 - INFO - AuraConnector: loaded relations batch 126
2025-11-23 21:02:35,077 - INFO - AuraConnector: loaded relations batch 127
2025-11-23 21:02:35,318 - INFO - AuraConnector: loaded relations batch 128
2025-11-23 21:02:35,465 - INFO - AuraConnector: loaded relations batch 129
2025-11-23 21:02:35,628 - INFO - AuraConnector: loaded relations batch 130
2025-11-23 21:02:35,765 - INFO - AuraConnector: loaded relations batch 131
2025-11-23 21:02:35,825 - INFO - AuraConnector: loaded relations batch 132
2025-11-23 21:02:36,223 - INFO - AuraConnector: loaded relations batch 133
2025-11-23 21:02:38,853 - INFO - AuraConnector: loaded relations batch 134
2025-11-23 21:02:38,854 - INFO - AuraConnector: loaded relations batch 135
2025-11-23 21:02:38,870 - INFO - AuraConnector: loaded relations batch 136
2025-11-23 21:02:38,871 - INFO - AuraConnector: loaded relations batch 137
2025-11-23 21:02:38,914 - INFO - AuraConnector: loaded relations batch 138
2025-11-23 21:02:39,027 - INFO - AuraConnector: loaded relations batch 139
2025-11-23 21:02:39,306 - INFO - AuraConnector: loaded relations batch 140
2025-11-23 21:02:39,424 - INFO - AuraConnector: loaded relations batch 141
2025-11-23 21:02:39,525 - INFO - AuraConnector: loaded relations batch 142
2025-11-23 21:02:39,764 - INFO - AuraConnector: loaded relations batch 143
2025-11-23 21:02:39,823 - INFO - AuraConnector: loaded relations batch 144
2025-11-23 21:02:40,159 - INFO - AuraConnector: loaded relations batch 145
2025-11-23 21:02:40,566 - INFO - AuraConnector: loaded relations batch 146
2025-11-23 21:02:40,631 - INFO - AuraConnector: loaded relations batch 147
2025-11-23 21:02:41,027 - INFO - AuraConnector: loaded relations batch 148
2025-11-23 21:02:43,618 - INFO - AuraConnector: loaded relations batch 149
2025-11-23 21:02:43,656 - INFO - AuraConnector: loaded relations batch 150
2025-11-23 21:02:43,825 - INFO - AuraConnector: loaded relations batch 151
2025-11-23 21:02:43,960 - INFO - AuraConnector: loaded relations batch 152
2025-11-23 21:02:43,960 - INFO - AuraConnector: loaded relations batch 153
2025-11-23 21:02:44,142 - INFO - AuraConnector: loaded relations batch 154
2025-11-23 21:02:44,615 - INFO - AuraConnector: loaded relations batch 155
2025-11-23 21:02:44,624 - INFO - AuraConnector: loaded relations batch 156
2025-11-23 21:02:44,820 - INFO - AuraConnector: loaded relations batch 157
2025-11-23 21:02:44,823 - INFO - AuraConnector: loaded relations batch 158
2025-11-23 21:02:44,867 - INFO - AuraConnector: loaded relations batch 159
2025-11-23 21:02:44,872 - INFO - AuraConnector: loaded relations batch 160
2025-11-23 21:02:45,679 - INFO - AuraConnector: loaded relations batch 161
2025-11-23 21:02:45,723 - INFO - AuraConnector: loaded relations batch 162
2025-11-23 21:02:45,874 - INFO - AuraConnector: loaded relations batch 163
2025-11-23 21:02:47,814 - INFO - AuraConnector: loaded relations batch 164
2025-11-23 21:02:47,815 - INFO - AuraConnector: loaded relations batch 165
2025-11-23 21:02:47,917 - INFO - AuraConnector: loaded relations batch 166
2025-11-23 21:02:47,917 - INFO - AuraConnector: loaded relations batch 167
2025-11-23 21:02:47,925 - INFO - AuraConnector: loaded relations batch 168
2025-11-23 21:02:48,067 - INFO - AuraConnector: loaded relations batch 169
2025-11-23 21:02:48,312 - INFO - AuraConnector: loaded relations batch 170
2025-11-23 21:02:48,350 - INFO - AuraConnector: loaded relations batch 171
2025-11-23 21:02:48,520 - INFO - AuraConnector: loaded relations batch 172
2025-11-23 21:02:48,522 - INFO - AuraConnector: loaded relations batch 173
2025-11-23 21:02:48,725 - INFO - AuraConnector: loaded relations batch 174
2025-11-23 21:02:48,912 - INFO - AuraConnector: loaded relations batch 175
2025-11-23 21:02:49,616 - INFO - AuraConnector: loaded relations batch 176
2025-11-23 21:02:49,686 - INFO - AuraConnector: loaded relations batch 177
2025-11-23 21:02:50,122 - INFO - AuraConnector: loaded relations batch 178
2025-11-23 21:02:52,463 - INFO - AuraConnector: loaded relations batch 179
2025-11-23 21:02:52,464 - INFO - AuraConnector: loaded relations batch 180
2025-11-23 21:02:52,750 - INFO - AuraConnector: loaded relations batch 181
2025-11-23 21:02:52,750 - INFO - AuraConnector: loaded relations batch 182
2025-11-23 21:02:52,754 - INFO - AuraConnector: loaded relations batch 183
2025-11-23 21:02:52,917 - INFO - AuraConnector: loaded relations batch 184
2025-11-23 21:02:53,024 - INFO - AuraConnector: loaded relations batch 185
2025-11-23 21:02:53,225 - INFO - AuraConnector: loaded relations batch 186
2025-11-23 21:02:53,230 - INFO - AuraConnector: loaded relations batch 187
2025-11-23 21:02:53,332 - INFO - AuraConnector: loaded relations batch 188
2025-11-23 21:02:53,568 - INFO - AuraConnector: loaded relations batch 189
2025-11-23 21:02:53,655 - INFO - AuraConnector: loaded relations batch 190
2025-11-23 21:02:54,550 - INFO - AuraConnector: loaded relations batch 191
2025-11-23 21:02:54,922 - INFO - AuraConnector: loaded relations batch 192
2025-11-23 21:02:55,223 - INFO - AuraConnector: loaded relations batch 193
2025-11-23 21:02:56,566 - INFO - AuraConnector: loaded relations batch 194
2025-11-23 21:02:56,615 - INFO - AuraConnector: loaded relations batch 195
2025-11-23 21:02:56,862 - INFO - AuraConnector: loaded relations batch 196
2025-11-23 21:02:56,863 - INFO - AuraConnector: loaded relations batch 197
2025-11-23 21:02:56,879 - INFO - AuraConnector: loaded relations batch 198
2025-11-23 21:02:56,965 - INFO - AuraConnector: loaded relations batch 199
2025-11-23 21:02:57,015 - INFO - AuraConnector: loaded relations batch 200
2025-11-23 21:02:57,117 - INFO - AuraConnector: loaded relations batch 201
2025-11-23 21:02:57,118 - INFO - AuraConnector: loaded relations batch 202
2025-11-23 21:02:57,874 - INFO - AuraConnector: loaded relations batch 203
2025-11-23 21:02:57,966 - INFO - AuraConnector: loaded relations batch 204
2025-11-23 21:02:57,967 - INFO - AuraConnector: loaded relations batch 205
2025-11-23 21:02:58,090 - INFO - AuraConnector: loaded relations batch 206
2025-11-23 21:02:59,120 - INFO - AuraConnector: loaded relations batch 207
2025-11-23 21:02:59,623 - INFO - AuraConnector: loaded relations batch 208
2025-11-23 21:03:00,915 - INFO - AuraConnector: loaded relations batch 209
2025-11-23 21:03:01,113 - INFO - AuraConnector: loaded relations batch 210
2025-11-23 21:03:01,127 - INFO - AuraConnector: loaded relations batch 211
2025-11-23 21:03:01,315 - INFO - AuraConnector: loaded relations batch 212
2025-11-23 21:03:01,319 - INFO - AuraConnector: loaded relations batch 213
2025-11-23 21:03:01,419 - INFO - AuraConnector: loaded relations batch 214
2025-11-23 21:03:01,424 - INFO - AuraConnector: loaded relations batch 215
2025-11-23 21:03:01,466 - INFO - AuraConnector: loaded relations batch 216
2025-11-23 21:03:01,727 - INFO - AuraConnector: loaded relations batch 217
2025-11-23 21:03:02,415 - INFO - AuraConnector: loaded relations batch 218
2025-11-23 21:03:02,520 - INFO - AuraConnector: loaded relations batch 219
2025-11-23 21:03:02,925 - INFO - AuraConnector: loaded relations batch 220
2025-11-23 21:03:03,024 - INFO - AuraConnector: loaded relations batch 221
2025-11-23 21:03:04,321 - INFO - AuraConnector: loaded relations batch 222
2025-11-23 21:03:04,422 - INFO - AuraConnector: loaded relations batch 223
2025-11-23 21:03:06,012 - INFO - AuraConnector: loaded relations batch 224
2025-11-23 21:03:06,015 - INFO - AuraConnector: loaded relations batch 225
2025-11-23 21:03:06,223 - INFO - AuraConnector: loaded relations batch 226
2025-11-23 21:03:06,275 - INFO - AuraConnector: loaded relations batch 227
2025-11-23 21:03:06,319 - INFO - AuraConnector: loaded relations batch 228
2025-11-23 21:03:06,320 - INFO - AuraConnector: loaded relations batch 229
2025-11-23 21:03:06,324 - INFO - AuraConnector: loaded relations batch 230
2025-11-23 21:03:06,469 - INFO - AuraConnector: loaded relations batch 231
2025-11-23 21:03:06,525 - INFO - AuraConnector: loaded relations batch 232
2025-11-23 21:03:06,613 - INFO - AuraConnector: loaded relations batch 233
2025-11-23 21:03:08,370 - INFO - AuraConnector: loaded relations batch 234
2025-11-23 21:03:08,423 - INFO - AuraConnector: loaded relations batch 235
2025-11-23 21:03:08,424 - INFO - AuraConnector: loaded relations batch 236
2025-11-23 21:03:09,165 - INFO - AuraConnector: loaded relations batch 237
2025-11-23 21:03:09,517 - INFO - AuraConnector: loaded relations batch 238
2025-11-23 21:03:10,515 - INFO - AuraConnector: loaded relations batch 239
2025-11-23 21:03:10,639 - INFO - AuraConnector: loaded relations batch 240
2025-11-23 21:03:10,714 - INFO - AuraConnector: loaded relations batch 241
2025-11-23 21:03:10,716 - INFO - AuraConnector: loaded relations batch 242
2025-11-23 21:03:10,818 - INFO - AuraConnector: loaded relations batch 243
2025-11-23 21:03:10,826 - INFO - AuraConnector: loaded relations batch 244
2025-11-23 21:03:11,020 - INFO - AuraConnector: loaded relations batch 245
2025-11-23 21:03:11,024 - INFO - AuraConnector: loaded relations batch 246
2025-11-23 21:03:11,067 - INFO - AuraConnector: loaded relations batch 247
2025-11-23 21:03:11,326 - INFO - AuraConnector: loaded relations batch 248
2025-11-23 21:03:13,575 - INFO - AuraConnector: loaded relations batch 249
2025-11-23 21:03:13,682 - INFO - AuraConnector: loaded relations batch 250
2025-11-23 21:03:13,822 - INFO - AuraConnector: loaded relations batch 251
2025-11-23 21:03:14,562 - INFO - AuraConnector: loaded relations batch 252
2025-11-23 21:03:14,720 - INFO - AuraConnector: loaded relations batch 253
2025-11-23 21:03:14,759 - INFO - AuraConnector: loaded relations batch 254
2025-11-23 21:03:14,762 - INFO - AuraConnector: loaded relations batch 255
2025-11-23 21:03:14,854 - INFO - AuraConnector: loaded relations batch 256
2025-11-23 21:03:14,913 - INFO - AuraConnector: loaded relations batch 257
2025-11-23 21:03:14,964 - INFO - AuraConnector: loaded relations batch 258
2025-11-23 21:03:15,159 - INFO - AuraConnector: loaded relations batch 259
2025-11-23 21:03:15,462 - INFO - AuraConnector: loaded relations batch 260
2025-11-23 21:03:15,463 - INFO - AuraConnector: loaded relations batch 261
2025-11-23 21:03:15,623 - INFO - AuraConnector: loaded relations batch 262
2025-11-23 21:03:15,821 - INFO - AuraConnector: loaded relations batch 263
2025-11-23 21:03:18,014 - INFO - AuraConnector: loaded relations batch 264
2025-11-23 21:03:18,019 - INFO - AuraConnector: loaded relations batch 265
2025-11-23 21:03:18,023 - INFO - AuraConnector: loaded relations batch 266
2025-11-23 21:03:18,050 - INFO - AuraConnector: loaded relations batch 267
2025-11-23 21:03:18,076 - INFO - AuraConnector: loaded relations batch 268
2025-11-23 21:03:18,077 - INFO - AuraConnector: loaded relations batch 269
2025-11-23 21:03:18,084 - INFO - AuraConnector: loaded relations batch 270
2025-11-23 21:03:18,222 - INFO - AuraConnector: loaded relations batch 271
2025-11-23 21:03:18,357 - INFO - AuraConnector: loaded relations batch 272
2025-11-23 21:03:18,365 - INFO - AuraConnector: loaded relations batch 273
2025-11-23 21:03:18,463 - INFO - AuraConnector: loaded relations batch 274
2025-11-23 21:03:19,239 - INFO - AuraConnector: loaded relations batch 275
2025-11-23 21:03:19,240 - INFO - AuraConnector: loaded relations batch 276
2025-11-23 21:03:19,419 - INFO - AuraConnector: loaded relations batch 277
2025-11-23 21:03:19,498 - INFO - AuraConnector: loaded relations batch 278
2025-11-23 21:03:21,730 - INFO - AuraConnector: loaded relations batch 279
2025-11-23 21:03:21,734 - INFO - AuraConnector: loaded relations batch 280
2025-11-23 21:03:21,743 - INFO - AuraConnector: loaded relations batch 281
2025-11-23 21:03:21,766 - INFO - AuraConnector: loaded relations batch 282
2025-11-23 21:03:21,767 - INFO - AuraConnector: loaded relations batch 283
2025-11-23 21:03:21,904 - INFO - AuraConnector: loaded relations batch 284
2025-11-23 21:03:21,987 - INFO - AuraConnector: loaded relations batch 285
2025-11-23 21:03:22,015 - INFO - AuraConnector: loaded relations batch 286
2025-11-23 21:03:22,210 - INFO - AuraConnector: loaded relations batch 287
2025-11-23 21:03:22,236 - INFO - AuraConnector: loaded relations batch 288
2025-11-23 21:03:22,467 - INFO - AuraConnector: loaded relations batch 289
2025-11-23 21:03:22,665 - INFO - AuraConnector: loaded relations batch 290
2025-11-23 21:03:22,825 - INFO - AuraConnector: loaded relations batch 291
2025-11-23 21:03:22,867 - INFO - AuraConnector: loaded relations batch 292
2025-11-23 21:03:23,245 - INFO - AuraConnector: loaded relations batch 293
2025-11-23 21:03:25,373 - INFO - AuraConnector: loaded relations batch 294
2025-11-23 21:03:25,374 - INFO - AuraConnector: loaded relations batch 295
2025-11-23 21:03:25,413 - INFO - AuraConnector: loaded relations batch 296
2025-11-23 21:03:25,414 - INFO - AuraConnector: loaded relations batch 297
2025-11-23 21:03:25,470 - INFO - AuraConnector: loaded relations batch 298
2025-11-23 21:03:26,128 - INFO - AuraConnector: loaded relations batch 299
2025-11-23 21:03:26,166 - INFO - AuraConnector: loaded relations batch 300
2025-11-23 21:03:26,392 - INFO - AuraConnector: loaded relations batch 301
2025-11-23 21:03:26,394 - INFO - AuraConnector: loaded relations batch 302
2025-11-23 21:03:26,395 - INFO - AuraConnector: loaded relations batch 303
2025-11-23 21:03:26,420 - INFO - AuraConnector: loaded relations batch 304
2025-11-23 21:03:26,624 - INFO - AuraConnector: loaded relations batch 305
2025-11-23 21:03:26,824 - INFO - AuraConnector: loaded relations batch 306
2025-11-23 21:03:27,024 - INFO - AuraConnector: loaded relations batch 307
2025-11-23 21:03:27,126 - INFO - AuraConnector: loaded relations batch 308
2025-11-23 21:03:29,063 - INFO - AuraConnector: loaded relations batch 309
2025-11-23 21:03:29,071 - INFO - AuraConnector: loaded relations batch 310
2025-11-23 21:03:29,129 - INFO - AuraConnector: loaded relations batch 311
2025-11-23 21:03:29,129 - INFO - AuraConnector: loaded relations batch 312
2025-11-23 21:03:29,196 - INFO - AuraConnector: loaded relations batch 313
2025-11-23 21:03:30,269 - INFO - AuraConnector: loaded relations batch 314
2025-11-23 21:03:30,282 - INFO - AuraConnector: loaded relations batch 315
2025-11-23 21:03:30,317 - INFO - AuraConnector: loaded relations batch 316
2025-11-23 21:03:30,323 - INFO - AuraConnector: loaded relations batch 317
2025-11-23 21:03:30,324 - INFO - AuraConnector: loaded relations batch 318
2025-11-23 21:03:30,369 - INFO - AuraConnector: loaded relations batch 319
2025-11-23 21:03:30,416 - INFO - AuraConnector: loaded relations batch 320
2025-11-23 21:03:30,469 - INFO - AuraConnector: loaded relations batch 321
2025-11-23 21:03:30,586 - INFO - AuraConnector: loaded relations batch 322
2025-11-23 21:03:30,973 - INFO - AuraConnector: loaded relations batch 323
2025-11-23 21:03:32,764 - INFO - AuraConnector: loaded relations batch 324
2025-11-23 21:03:32,798 - INFO - AuraConnector: loaded relations batch 325
2025-11-23 21:03:32,822 - INFO - AuraConnector: loaded relations batch 326
2025-11-23 21:03:32,881 - INFO - AuraConnector: loaded relations batch 327
2025-11-23 21:03:32,932 - INFO - AuraConnector: loaded relations batch 328
2025-11-23 21:03:32,967 - INFO - AuraConnector: loaded relations batch 329
2025-11-23 21:03:33,817 - INFO - AuraConnector: loaded relations batch 330
2025-11-23 21:03:33,817 - INFO - AuraConnector: loaded relations batch 331
2025-11-23 21:03:33,820 - INFO - AuraConnector: loaded relations batch 332
2025-11-23 21:03:33,880 - INFO - AuraConnector: loaded relations batch 333
2025-11-23 21:03:33,881 - INFO - AuraConnector: loaded relations batch 334
2025-11-23 21:03:33,942 - INFO - AuraConnector: loaded relations batch 335
2025-11-23 21:03:33,971 - INFO - AuraConnector: loaded relations batch 336
2025-11-23 21:03:34,015 - INFO - AuraConnector: loaded relations batch 337
2025-11-23 21:03:34,016 - INFO - AuraConnector: loaded relations batch 338
2025-11-23 21:03:34,728 - INFO - AuraConnector: loaded relations batch 339
2025-11-23 21:03:36,014 - INFO - AuraConnector: loaded relations batch 340
2025-11-23 21:03:36,015 - INFO - AuraConnector: loaded relations batch 341
2025-11-23 21:03:36,016 - INFO - AuraConnector: loaded relations batch 342
2025-11-23 21:03:36,310 - INFO - AuraConnector: loaded relations batch 343
2025-11-23 21:03:36,336 - INFO - AuraConnector: loaded relations batch 344
2025-11-23 21:03:36,338 - INFO - AuraConnector: loaded relations batch 345
2025-11-23 21:03:37,280 - INFO - AuraConnector: loaded relations batch 346
2025-11-23 21:03:37,326 - INFO - AuraConnector: loaded relations batch 347
2025-11-23 21:03:37,328 - INFO - AuraConnector: loaded relations batch 348
2025-11-23 21:03:37,330 - INFO - AuraConnector: loaded relations batch 349
2025-11-23 21:03:37,426 - INFO - AuraConnector: loaded relations batch 350
2025-11-23 21:03:37,666 - INFO - AuraConnector: loaded relations batch 351
2025-11-23 21:03:37,668 - INFO - AuraConnector: loaded relations batch 352
2025-11-23 21:03:37,680 - INFO - AuraConnector: loaded relations batch 353
2025-11-23 21:03:38,121 - INFO - AuraConnector: loaded relations batch 354
2025-11-23 21:03:39,254 - INFO - AuraConnector: loaded relations batch 355
2025-11-23 21:03:39,805 - INFO - AuraConnector: loaded relations batch 356
2025-11-23 21:03:39,818 - INFO - AuraConnector: loaded relations batch 357
2025-11-23 21:03:39,874 - INFO - AuraConnector: loaded relations batch 358
2025-11-23 21:03:40,722 - INFO - AuraConnector: loaded relations batch 359
2025-11-23 21:03:40,725 - INFO - AuraConnector: loaded relations batch 360
2025-11-23 21:03:40,823 - INFO - AuraConnector: loaded relations batch 361
2025-11-23 21:03:41,135 - INFO - AuraConnector: loaded relations batch 362
2025-11-23 21:03:41,261 - INFO - AuraConnector: loaded relations batch 363
2025-11-23 21:03:41,264 - INFO - AuraConnector: loaded relations batch 364
2025-11-23 21:03:41,329 - INFO - AuraConnector: loaded relations batch 365
2025-11-23 21:03:41,330 - INFO - AuraConnector: loaded relations batch 366
2025-11-23 21:03:41,368 - INFO - AuraConnector: loaded relations batch 367
2025-11-23 21:03:41,421 - INFO - AuraConnector: loaded relations batch 368
2025-11-23 21:03:41,561 - INFO - AuraConnector: loaded relations batch 369
2025-11-23 21:03:42,128 - INFO - AuraConnector: loaded relations batch 370
2025-11-23 21:03:43,362 - INFO - AuraConnector: loaded relations batch 371
2025-11-23 21:03:43,460 - INFO - AuraConnector: loaded relations batch 372
2025-11-23 21:03:43,515 - INFO - AuraConnector: loaded relations batch 373
2025-11-23 21:03:43,517 - INFO - AuraConnector: loaded relations batch 374
2025-11-23 21:03:44,807 - INFO - AuraConnector: loaded relations batch 375
2025-11-23 21:03:44,897 - INFO - AuraConnector: loaded relations batch 376
2025-11-23 21:03:44,906 - INFO - AuraConnector: loaded relations batch 377
2025-11-23 21:03:44,908 - INFO - AuraConnector: loaded relations batch 378
2025-11-23 21:03:44,915 - INFO - AuraConnector: loaded relations batch 379
2025-11-23 21:03:45,127 - INFO - AuraConnector: loaded relations batch 380
2025-11-23 21:03:45,172 - INFO - AuraConnector: loaded relations batch 381
2025-11-23 21:03:45,172 - INFO - AuraConnector: loaded relations batch 382
2025-11-23 21:03:45,238 - INFO - AuraConnector: loaded relations batch 383
2025-11-23 21:03:45,365 - INFO - AuraConnector: loaded relations batch 384
2025-11-23 21:03:45,425 - INFO - AuraConnector: loaded relations batch 385
2025-11-23 21:03:46,026 - INFO - AuraConnector: loaded relations batch 386
2025-11-23 21:03:46,581 - INFO - AuraConnector: loaded relations batch 387
2025-11-23 21:03:46,829 - INFO - AuraConnector: loaded relations batch 388
2025-11-23 21:03:46,941 - INFO - AuraConnector: loaded relations batch 389
2025-11-23 21:03:47,106 - INFO - AuraConnector: loaded relations batch 390
2025-11-23 21:03:48,004 - INFO - AuraConnector: loaded relations batch 391
2025-11-23 21:03:48,082 - INFO - AuraConnector: loaded relations batch 392
2025-11-23 21:03:48,144 - INFO - AuraConnector: loaded relations batch 393
2025-11-23 21:03:48,278 - INFO - AuraConnector: loaded relations batch 394
2025-11-23 21:03:48,280 - INFO - AuraConnector: loaded relations batch 395
2025-11-23 21:03:48,355 - INFO - AuraConnector: loaded relations batch 396
2025-11-23 21:03:48,452 - INFO - AuraConnector: loaded relations batch 397
2025-11-23 21:03:48,540 - INFO - AuraConnector: loaded relations batch 398
2025-11-23 21:03:48,728 - INFO - AuraConnector: loaded relations batch 399
2025-11-23 21:03:48,731 - INFO - AuraConnector: loaded relations batch 400
2025-11-23 21:03:49,079 - INFO - AuraConnector: loaded relations batch 401
2025-11-23 21:03:49,900 - INFO - AuraConnector: loaded relations batch 402
2025-11-23 21:03:50,102 - INFO - AuraConnector: loaded relations batch 403
2025-11-23 21:03:50,134 - INFO - AuraConnector: loaded relations batch 404
2025-11-23 21:03:50,468 - INFO - AuraConnector: loaded relations batch 405
2025-11-23 21:03:50,606 - INFO - AuraConnector: loaded relations batch 406
2025-11-23 21:03:51,396 - INFO - AuraConnector: loaded relations batch 407
2025-11-23 21:03:51,399 - INFO - AuraConnector: loaded relations batch 408
2025-11-23 21:03:51,537 - INFO - AuraConnector: loaded relations batch 409
2025-11-23 21:03:51,631 - INFO - AuraConnector: loaded relations batch 410
2025-11-23 21:03:51,716 - INFO - AuraConnector: loaded relations batch 411
2025-11-23 21:03:51,804 - INFO - AuraConnector: loaded relations batch 412
2025-11-23 21:03:51,818 - INFO - AuraConnector: loaded relations batch 413
2025-11-23 21:03:51,819 - INFO - AuraConnector: loaded relations batch 414
2025-11-23 21:03:51,921 - INFO - AuraConnector: loaded relations batch 415
2025-11-23 21:03:51,967 - INFO - AuraConnector: loaded relations batch 416
2025-11-23 21:03:52,516 - INFO - AuraConnector: loaded relations batch 417
2025-11-23 21:03:54,333 - INFO - AuraConnector: loaded relations batch 418
2025-11-23 21:03:55,000 - INFO - AuraConnector: loaded relations batch 419
2025-11-23 21:03:55,003 - INFO - AuraConnector: loaded relations batch 420
2025-11-23 21:03:55,135 - INFO - AuraConnector: loaded relations batch 421
2025-11-23 21:03:55,184 - INFO - AuraConnector: loaded relations batch 422
2025-11-23 21:03:56,061 - INFO - AuraConnector: loaded relations batch 423
2025-11-23 21:03:56,120 - INFO - AuraConnector: loaded relations batch 424
2025-11-23 21:03:56,315 - INFO - AuraConnector: loaded relations batch 425
2025-11-23 21:03:56,421 - INFO - AuraConnector: loaded relations batch 426
2025-11-23 21:03:56,470 - INFO - AuraConnector: loaded relations batch 427
2025-11-23 21:03:56,470 - INFO - AuraConnector: loaded relations batch 428
2025-11-23 21:03:56,602 - INFO - AuraConnector: loaded relations batch 429
2025-11-23 21:03:56,718 - INFO - AuraConnector: loaded relations batch 430
2025-11-23 21:03:56,741 - INFO - AuraConnector: loaded relations batch 431
2025-11-23 21:03:56,847 - INFO - AuraConnector: loaded relations batch 432
2025-11-23 21:03:57,430 - INFO - AuraConnector: loaded relations batch 433
2025-11-23 21:03:58,096 - INFO - AuraConnector: loaded relations batch 434
2025-11-23 21:03:58,518 - INFO - AuraConnector: loaded relations batch 435
2025-11-23 21:03:59,024 - INFO - AuraConnector: loaded relations batch 436
2025-11-23 21:03:59,104 - INFO - AuraConnector: loaded relations batch 437
2025-11-23 21:03:59,220 - INFO - AuraConnector: loaded relations batch 438
2025-11-23 21:03:59,741 - INFO - AuraConnector: loaded relations batch 439
2025-11-23 21:03:59,769 - INFO - AuraConnector: loaded relations batch 440
2025-11-23 21:03:59,770 - INFO - AuraConnector: loaded relations batch 441
2025-11-23 21:04:00,033 - INFO - AuraConnector: loaded relations batch 442
2025-11-23 21:04:00,045 - INFO - AuraConnector: loaded relations batch 443
2025-11-23 21:04:00,144 - INFO - AuraConnector: loaded relations batch 444
2025-11-23 21:04:00,149 - INFO - AuraConnector: loaded relations batch 445
2025-11-23 21:04:00,279 - INFO - AuraConnector: loaded relations batch 446
2025-11-23 21:04:00,457 - INFO - AuraConnector: loaded relations batch 447
2025-11-23 21:04:00,496 - INFO - AuraConnector: loaded relations batch 448
2025-11-23 21:04:01,434 - INFO - AuraConnector: loaded relations batch 449
2025-11-23 21:04:01,617 - INFO - AuraConnector: loaded relations batch 450
2025-11-23 21:04:01,958 - INFO - AuraConnector: loaded relations batch 451
2025-11-23 21:04:02,424 - INFO - AuraConnector: loaded relations batch 452
2025-11-23 21:04:02,462 - INFO - AuraConnector: loaded relations batch 453
2025-11-23 21:04:02,565 - INFO - AuraConnector: loaded relations batch 454
2025-11-23 21:04:02,613 - INFO - AuraConnector: loaded relations batch 455
2025-11-23 21:04:02,620 - INFO - AuraConnector: loaded relations batch 456
2025-11-23 21:04:02,798 - INFO - AuraConnector: loaded relations batch 457
2025-11-23 21:04:02,939 - INFO - AuraConnector: loaded relations batch 458
2025-11-23 21:04:02,983 - INFO - AuraConnector: loaded relations batch 459
2025-11-23 21:04:03,152 - INFO - AuraConnector: loaded relations batch 460
2025-11-23 21:04:03,192 - INFO - AuraConnector: loaded relations batch 461
2025-11-23 21:04:03,295 - INFO - AuraConnector: loaded relations batch 462
2025-11-23 21:04:03,644 - INFO - AuraConnector: loaded relations batch 463
2025-11-23 21:04:03,720 - INFO - AuraConnector: loaded relations batch 464
2025-11-23 21:04:04,537 - INFO - AuraConnector: loaded relations batch 465
2025-11-23 21:04:04,915 - INFO - AuraConnector: loaded relations batch 466
2025-11-23 21:04:04,916 - INFO - AuraConnector: loaded relations batch 467
2025-11-23 21:04:05,475 - INFO - AuraConnector: loaded relations batch 468
2025-11-23 21:04:05,479 - INFO - AuraConnector: loaded relations batch 469
2025-11-23 21:04:05,533 - INFO - AuraConnector: loaded relations batch 470
2025-11-23 21:04:05,620 - INFO - AuraConnector: loaded relations batch 471
2025-11-23 21:04:05,774 - INFO - AuraConnector: loaded relations batch 472
2025-11-23 21:04:05,885 - INFO - AuraConnector: loaded relations batch 473
2025-11-23 21:04:06,044 - INFO - AuraConnector: loaded relations batch 474
2025-11-23 21:04:06,146 - INFO - AuraConnector: loaded relations batch 475
2025-11-23 21:04:06,212 - INFO - AuraConnector: loaded relations batch 476
2025-11-23 21:04:06,236 - INFO - AuraConnector: loaded relations batch 477
2025-11-23 21:04:06,555 - INFO - AuraConnector: loaded relations batch 478
2025-11-23 21:04:07,139 - INFO - AuraConnector: loaded relations batch 479
2025-11-23 21:04:07,141 - INFO - AuraConnector: loaded relations batch 480
2025-11-23 21:04:07,559 - INFO - AuraConnector: loaded relations batch 481
2025-11-23 21:04:08,094 - INFO - AuraConnector: loaded relations batch 482
2025-11-23 21:04:08,492 - INFO - AuraConnector: loaded relations batch 483
2025-11-23 21:04:08,530 - INFO - AuraConnector: loaded relations batch 484
2025-11-23 21:04:08,538 - INFO - AuraConnector: loaded relations batch 485
2025-11-23 21:04:08,712 - INFO - AuraConnector: loaded relations batch 486
2025-11-23 21:04:09,072 - INFO - AuraConnector: loaded relations batch 487
2025-11-23 21:04:09,133 - INFO - AuraConnector: loaded relations batch 488
2025-11-23 21:04:09,219 - INFO - AuraConnector: loaded relations batch 489
2025-11-23 21:04:09,278 - INFO - AuraConnector: loaded relations batch 490
2025-11-23 21:04:09,316 - INFO - AuraConnector: loaded relations batch 491
2025-11-23 21:04:09,389 - INFO - AuraConnector: loaded relations batch 492
2025-11-23 21:04:09,518 - INFO - AuraConnector: loaded relations batch 493
2025-11-23 21:04:09,973 - INFO - AuraConnector: loaded relations batch 494
2025-11-23 21:04:11,204 - INFO - AuraConnector: loaded relations batch 495
2025-11-23 21:04:11,208 - INFO - AuraConnector: loaded relations batch 496
2025-11-23 21:04:11,819 - INFO - AuraConnector: loaded relations batch 497
2025-11-23 21:04:12,527 - INFO - AuraConnector: loaded relations batch 498
2025-11-23 21:04:12,954 - INFO - AuraConnector: loaded relations batch 499
2025-11-23 21:04:13,025 - INFO - AuraConnector: loaded relations batch 500
2025-11-23 21:04:13,037 - INFO - AuraConnector: loaded relations batch 501
2025-11-23 21:04:13,180 - INFO - AuraConnector: loaded relations batch 502
2025-11-23 21:04:13,621 - INFO - AuraConnector: loaded relations batch 503
2025-11-23 21:04:13,670 - INFO - AuraConnector: loaded relations batch 504
2025-11-23 21:04:13,756 - INFO - AuraConnector: loaded relations batch 505
2025-11-23 21:04:13,857 - INFO - AuraConnector: loaded relations batch 506
2025-11-23 21:04:13,915 - INFO - AuraConnector: loaded relations batch 507
2025-11-23 21:04:13,916 - INFO - AuraConnector: loaded relations batch 508
2025-11-23 21:04:13,917 - INFO - AuraConnector: loaded relations batch 509
2025-11-23 21:04:14,727 - INFO - AuraConnector: loaded relations batch 510
2025-11-23 21:04:15,205 - INFO - AuraConnector: loaded relations batch 511
2025-11-23 21:04:15,273 - INFO - AuraConnector: loaded relations batch 512
2025-11-23 21:04:15,479 - INFO - AuraConnector: loaded relations batch 513
2025-11-23 21:04:15,532 - INFO - AuraConnector: loaded relations batch 514
2025-11-23 21:04:16,014 - INFO - AuraConnector: loaded relations batch 515
2025-11-23 21:04:16,052 - INFO - AuraConnector: loaded relations batch 516
2025-11-23 21:04:16,265 - INFO - AuraConnector: loaded relations batch 517
2025-11-23 21:04:16,565 - INFO - AuraConnector: loaded relations batch 518
2025-11-23 21:04:16,575 - INFO - AuraConnector: loaded relations batch 519
2025-11-23 21:04:16,696 - INFO - AuraConnector: loaded relations batch 520
2025-11-23 21:04:16,840 - INFO - AuraConnector: loaded relations batch 521
2025-11-23 21:04:16,975 - INFO - AuraConnector: loaded relations batch 522
2025-11-23 21:04:17,066 - INFO - AuraConnector: loaded relations batch 523
2025-11-23 21:04:17,083 - INFO - AuraConnector: loaded relations batch 524
2025-11-23 21:04:17,248 - INFO - AuraConnector: loaded relations batch 525
2025-11-23 21:04:19,128 - INFO - AuraConnector: loaded relations batch 526
2025-11-23 21:04:19,387 - INFO - AuraConnector: loaded relations batch 527
2025-11-23 21:04:19,678 - INFO - AuraConnector: loaded relations batch 528
2025-11-23 21:04:19,726 - INFO - AuraConnector: loaded relations batch 529
2025-11-23 21:04:20,126 - INFO - AuraConnector: loaded relations batch 530
2025-11-23 21:04:20,179 - INFO - AuraConnector: loaded relations batch 531
2025-11-23 21:04:20,179 - INFO - AuraConnector: loaded relations batch 532
2025-11-23 21:04:20,582 - INFO - AuraConnector: loaded relations batch 533
2025-11-23 21:04:20,815 - INFO - AuraConnector: loaded relations batch 534
2025-11-23 21:04:20,818 - INFO - AuraConnector: loaded relations batch 535
2025-11-23 21:04:20,923 - INFO - AuraConnector: loaded relations batch 536
2025-11-23 21:04:21,013 - INFO - AuraConnector: loaded relations batch 537
2025-11-23 21:04:21,129 - INFO - AuraConnector: loaded relations batch 538
2025-11-23 21:04:21,216 - INFO - AuraConnector: loaded relations batch 539
2025-11-23 21:04:21,233 - INFO - AuraConnector: loaded relations batch 540
2025-11-23 21:04:21,468 - INFO - AuraConnector: loaded relations batch 541
2025-11-23 21:04:22,527 - INFO - AuraConnector: loaded relations batch 542
2025-11-23 21:04:22,929 - INFO - AuraConnector: loaded relations batch 543
2025-11-23 21:04:23,007 - INFO - AuraConnector: loaded relations batch 544
2025-11-23 21:04:23,168 - INFO - AuraConnector: loaded relations batch 545
2025-11-23 21:04:23,263 - INFO - AuraConnector: loaded relations batch 546
2025-11-23 21:04:23,479 - INFO - AuraConnector: loaded relations batch 547
2025-11-23 21:04:23,481 - INFO - AuraConnector: loaded relations batch 548
2025-11-23 21:04:23,836 - INFO - AuraConnector: loaded relations batch 549
2025-11-23 21:04:24,054 - INFO - AuraConnector: loaded relations batch 550
2025-11-23 21:04:24,196 - INFO - AuraConnector: loaded relations batch 551
2025-11-23 21:04:24,201 - INFO - AuraConnector: loaded relations batch 552
2025-11-23 21:04:24,217 - INFO - AuraConnector: loaded relations batch 553
2025-11-23 21:04:24,324 - INFO - AuraConnector: loaded relations batch 554
2025-11-23 21:04:24,424 - INFO - AuraConnector: loaded relations batch 555
2025-11-23 21:04:25,066 - INFO - AuraConnector: loaded relations batch 556
2025-11-23 21:04:25,066 - INFO - AuraConnector: loaded relations batch 557
2025-11-23 21:04:25,942 - INFO - AuraConnector: loaded relations batch 558
2025-11-23 21:04:26,496 - INFO - AuraConnector: loaded relations batch 559
2025-11-23 21:04:26,724 - INFO - AuraConnector: loaded relations batch 560
2025-11-23 21:04:26,895 - INFO - AuraConnector: loaded relations batch 561
2025-11-23 21:04:27,021 - INFO - AuraConnector: loaded relations batch 562
2025-11-23 21:04:27,065 - INFO - AuraConnector: loaded relations batch 563
2025-11-23 21:04:27,162 - INFO - AuraConnector: loaded relations batch 564
2025-11-23 21:04:27,397 - INFO - AuraConnector: loaded relations batch 565
2025-11-23 21:04:27,907 - INFO - AuraConnector: loaded relations batch 566
2025-11-23 21:04:28,072 - INFO - AuraConnector: loaded relations batch 567
2025-11-23 21:04:28,164 - INFO - AuraConnector: loaded relations batch 568
2025-11-23 21:04:28,205 - INFO - AuraConnector: loaded relations batch 569
2025-11-23 21:04:28,226 - INFO - AuraConnector: loaded relations batch 570
2025-11-23 21:04:28,462 - INFO - AuraConnector: loaded relations batch 571
2025-11-23 21:04:28,881 - INFO - AuraConnector: loaded relations batch 572
2025-11-23 21:04:28,884 - INFO - AuraConnector: loaded relations batch 573
2025-11-23 21:04:29,687 - INFO - AuraConnector: loaded relations batch 574
2025-11-23 21:04:30,104 - INFO - AuraConnector: loaded relations batch 575
2025-11-23 21:04:30,363 - INFO - AuraConnector: loaded relations batch 576
2025-11-23 21:04:30,518 - INFO - AuraConnector: loaded relations batch 577
2025-11-23 21:04:30,716 - INFO - AuraConnector: loaded relations batch 578
2025-11-23 21:04:30,823 - INFO - AuraConnector: loaded relations batch 579
2025-11-23 21:04:30,827 - INFO - AuraConnector: loaded relations batch 580
2025-11-23 21:04:30,828 - INFO - AuraConnector: loaded relations batch 581
2025-11-23 21:04:30,907 - INFO - AuraConnector: loaded relations batch 582
2025-11-23 21:04:30,944 - INFO - AuraConnector: loaded relations batch 583
2025-11-23 21:04:31,241 - INFO - AuraConnector: loaded relations batch 584
2025-11-23 21:04:31,294 - INFO - AuraConnector: loaded relations batch 585
2025-11-23 21:04:31,530 - INFO - AuraConnector: loaded relations batch 586
2025-11-23 21:04:31,777 - INFO - AuraConnector: loaded relations batch 587
2025-11-23 21:04:31,952 - INFO - AuraConnector: loaded relations batch 588
2025-11-23 21:04:32,063 - INFO - AuraConnector: loaded relations batch 589
2025-11-23 21:04:33,067 - INFO - AuraConnector: loaded relations batch 590
2025-11-23 21:04:33,917 - INFO - AuraConnector: loaded relations batch 591
2025-11-23 21:04:34,124 - INFO - AuraConnector: loaded relations batch 592
2025-11-23 21:04:34,128 - INFO - AuraConnector: loaded relations batch 593
2025-11-23 21:04:34,215 - INFO - AuraConnector: loaded relations batch 594
2025-11-23 21:04:34,220 - INFO - AuraConnector: loaded relations batch 595
2025-11-23 21:04:34,724 - INFO - AuraConnector: loaded relations batch 596
2025-11-23 21:04:34,878 - INFO - AuraConnector: loaded relations batch 597
2025-11-23 21:04:34,945 - INFO - AuraConnector: loaded relations batch 598
2025-11-23 21:04:35,023 - INFO - AuraConnector: loaded relations batch 599
2025-11-23 21:04:35,080 - INFO - AuraConnector: loaded relations batch 600
2025-11-23 21:04:35,173 - INFO - AuraConnector: loaded relations batch 601
2025-11-23 21:04:35,526 - INFO - AuraConnector: loaded relations batch 602
2025-11-23 21:04:36,119 - INFO - AuraConnector: loaded relations batch 603
2025-11-23 21:04:36,122 - INFO - AuraConnector: loaded relations batch 604
2025-11-23 21:04:36,406 - INFO - AuraConnector: loaded relations batch 605
2025-11-23 21:04:37,507 - INFO - AuraConnector: loaded relations batch 606
2025-11-23 21:04:38,365 - INFO - AuraConnector: loaded relations batch 607
2025-11-23 21:04:38,371 - INFO - AuraConnector: loaded relations batch 608
2025-11-23 21:04:38,374 - INFO - AuraConnector: loaded relations batch 609
2025-11-23 21:04:38,417 - INFO - AuraConnector: loaded relations batch 610
2025-11-23 21:04:38,516 - INFO - AuraConnector: loaded relations batch 611
2025-11-23 21:04:38,545 - INFO - AuraConnector: loaded relations batch 612
2025-11-23 21:04:38,637 - INFO - AuraConnector: loaded relations batch 613
2025-11-23 21:04:38,762 - INFO - AuraConnector: loaded relations batch 614
2025-11-23 21:04:38,808 - INFO - AuraConnector: loaded relations batch 615
2025-11-23 21:04:39,021 - INFO - AuraConnector: loaded relations batch 616
2025-11-23 21:04:39,262 - INFO - AuraConnector: loaded relations batch 617
2025-11-23 21:04:39,425 - INFO - AuraConnector: loaded relations batch 618
2025-11-23 21:04:39,814 - INFO - AuraConnector: loaded relations batch 619
2025-11-23 21:04:40,226 - INFO - AuraConnector: loaded relations batch 620
2025-11-23 21:04:40,328 - INFO - AuraConnector: loaded relations batch 621
2025-11-23 21:04:42,325 - INFO - AuraConnector: loaded relations batch 622
2025-11-23 21:04:42,947 - INFO - AuraConnector: loaded relations batch 623
2025-11-23 21:04:43,167 - INFO - AuraConnector: loaded relations batch 624
2025-11-23 21:04:43,185 - INFO - AuraConnector: loaded relations batch 625
2025-11-23 21:04:43,214 - INFO - AuraConnector: loaded relations batch 626
2025-11-23 21:04:43,226 - INFO - AuraConnector: loaded relations batch 627
2025-11-23 21:04:43,302 - INFO - AuraConnector: loaded relations batch 628
2025-11-23 21:04:43,340 - INFO - AuraConnector: loaded relations batch 629
2025-11-23 21:04:43,346 - INFO - AuraConnector: loaded relations batch 630
2025-11-23 21:04:43,387 - INFO - AuraConnector: loaded relations batch 631
2025-11-23 21:04:43,410 - INFO - AuraConnector: loaded relations batch 632
2025-11-23 21:04:43,676 - INFO - AuraConnector: loaded relations batch 633
2025-11-23 21:04:44,093 - INFO - AuraConnector: loaded relations batch 634
2025-11-23 21:04:44,584 - INFO - AuraConnector: loaded relations batch 635
2025-11-23 21:04:44,647 - INFO - AuraConnector: loaded relations batch 636
2025-11-23 21:04:44,925 - INFO - AuraConnector: loaded relations batch 637
2025-11-23 21:04:46,196 - INFO - AuraConnector: loaded relations batch 638
2025-11-23 21:04:46,213 - INFO - AuraConnector: loaded relations batch 639
2025-11-23 21:04:46,312 - INFO - AuraConnector: loaded relations batch 640
2025-11-23 21:04:46,314 - INFO - AuraConnector: loaded relations batch 641
2025-11-23 21:04:46,315 - INFO - AuraConnector: loaded relations batch 642
2025-11-23 21:04:46,444 - INFO - AuraConnector: loaded relations batch 643
2025-11-23 21:04:46,569 - INFO - AuraConnector: loaded relations batch 644
2025-11-23 21:04:46,682 - INFO - AuraConnector: loaded relations batch 645
2025-11-23 21:04:46,703 - INFO - AuraConnector: loaded relations batch 646
2025-11-23 21:04:46,735 - INFO - AuraConnector: loaded relations batch 647
2025-11-23 21:04:46,748 - INFO - AuraConnector: loaded relations batch 648
2025-11-23 21:04:46,812 - INFO - AuraConnector: loaded relations batch 649
2025-11-23 21:04:47,139 - INFO - AuraConnector: loaded relations batch 650
2025-11-23 21:04:47,824 - INFO - AuraConnector: loaded relations batch 651
2025-11-23 21:04:48,418 - INFO - AuraConnector: loaded relations batch 652
2025-11-23 21:04:48,447 - INFO - AuraConnector: loaded relations batch 653
2025-11-23 21:04:49,554 - INFO - AuraConnector: loaded relations batch 654
2025-11-23 21:04:49,555 - INFO - AuraConnector: loaded relations batch 655
2025-11-23 21:04:49,561 - INFO - AuraConnector: loaded relations batch 656
2025-11-23 21:04:49,561 - INFO - AuraConnector: loaded relations batch 657
2025-11-23 21:04:49,898 - INFO - AuraConnector: loaded relations batch 658
2025-11-23 21:04:50,000 - INFO - AuraConnector: loaded relations batch 659
2025-11-23 21:04:50,131 - INFO - AuraConnector: loaded relations batch 660
2025-11-23 21:04:50,216 - INFO - AuraConnector: loaded relations batch 661
2025-11-23 21:04:50,274 - INFO - AuraConnector: loaded relations batch 662
2025-11-23 21:04:50,325 - INFO - AuraConnector: loaded relations batch 663
2025-11-23 21:04:50,449 - INFO - AuraConnector: loaded relations batch 664
2025-11-23 21:04:50,452 - INFO - AuraConnector: loaded relations batch 665
2025-11-23 21:04:50,521 - INFO - AuraConnector: loaded relations batch 666
2025-11-23 21:04:51,296 - INFO - AuraConnector: loaded relations batch 667
2025-11-23 21:04:52,064 - INFO - AuraConnector: loaded relations batch 668
2025-11-23 21:04:52,394 - INFO - AuraConnector: loaded relations batch 669
2025-11-23 21:04:52,602 - INFO - AuraConnector: loaded relations batch 670
2025-11-23 21:04:52,626 - INFO - AuraConnector: loaded relations batch 671
2025-11-23 21:04:52,683 - INFO - AuraConnector: loaded relations batch 672
2025-11-23 21:04:52,807 - INFO - AuraConnector: loaded relations batch 673
2025-11-23 21:04:52,887 - INFO - AuraConnector: loaded relations batch 674
2025-11-23 21:04:52,991 - INFO - AuraConnector: loaded relations batch 675
2025-11-23 21:04:53,024 - INFO - AuraConnector: loaded relations batch 676
2025-11-23 21:04:53,099 - INFO - AuraConnector: loaded relations batch 677
2025-11-23 21:04:53,146 - INFO - AuraConnector: loaded relations batch 678
2025-11-23 21:04:53,740 - INFO - AuraConnector: loaded relations batch 679
2025-11-23 21:04:53,792 - INFO - AuraConnector: loaded relations batch 680
2025-11-23 21:04:53,793 - INFO - AuraConnector: loaded relations batch 681
2025-11-23 21:04:54,127 - INFO - AuraConnector: loaded relations batch 682
2025-11-23 21:04:55,145 - INFO - AuraConnector: loaded relations batch 683
2025-11-23 21:04:57,844 - INFO - AuraConnector: loaded relations batch 684
2025-11-23 21:04:58,040 - INFO - AuraConnector: loaded relations batch 685
2025-11-23 21:04:58,041 - INFO - AuraConnector: loaded relations batch 686
2025-11-23 21:04:58,042 - INFO - AuraConnector: loaded relations batch 687
2025-11-23 21:04:58,141 - INFO - AuraConnector: loaded relations batch 688
2025-11-23 21:04:58,274 - INFO - AuraConnector: loaded relations batch 689
2025-11-23 21:04:58,320 - INFO - AuraConnector: loaded relations batch 690
2025-11-23 21:04:58,322 - INFO - AuraConnector: loaded relations batch 691
2025-11-23 21:04:58,620 - INFO - AuraConnector: loaded relations batch 692
2025-11-23 21:04:58,665 - INFO - AuraConnector: loaded relations batch 693
2025-11-23 21:04:58,669 - INFO - AuraConnector: loaded relations batch 694
2025-11-23 21:04:59,618 - INFO - AuraConnector: loaded relations batch 695
2025-11-23 21:04:59,627 - INFO - AuraConnector: loaded relations batch 696
2025-11-23 21:04:59,629 - INFO - AuraConnector: loaded relations batch 697
2025-11-23 21:04:59,725 - INFO - AuraConnector: loaded relations batch 698
2025-11-23 21:04:59,769 - INFO - AuraConnector: loaded relations batch 699
2025-11-23 21:05:02,025 - INFO - AuraConnector: loaded relations batch 700
2025-11-23 21:05:02,053 - INFO - AuraConnector: loaded relations batch 701
2025-11-23 21:05:02,066 - INFO - AuraConnector: loaded relations batch 702
2025-11-23 21:05:02,340 - INFO - AuraConnector: loaded relations batch 703
2025-11-23 21:05:02,389 - INFO - AuraConnector: loaded relations batch 704
2025-11-23 21:05:02,428 - INFO - AuraConnector: loaded relations batch 705
2025-11-23 21:05:02,467 - INFO - AuraConnector: loaded relations batch 706
2025-11-23 21:05:02,516 - INFO - AuraConnector: loaded relations batch 707
2025-11-23 21:05:02,679 - INFO - AuraConnector: loaded relations batch 708
2025-11-23 21:05:02,679 - INFO - AuraConnector: loaded relations batch 709
2025-11-23 21:05:02,716 - INFO - AuraConnector: loaded relations batch 710
2025-11-23 21:05:03,424 - INFO - AuraConnector: loaded relations batch 711
2025-11-23 21:05:03,557 - INFO - AuraConnector: loaded relations batch 712
2025-11-23 21:05:03,607 - INFO - AuraConnector: loaded relations batch 713
2025-11-23 21:05:03,783 - INFO - AuraConnector: loaded relations batch 714
2025-11-23 21:05:03,812 - INFO - AuraConnector: loaded relations batch 715
2025-11-23 21:05:05,030 - INFO - AuraConnector: loaded relations batch 716
2025-11-23 21:05:05,031 - INFO - AuraConnector: loaded relations batch 717
2025-11-23 21:05:05,041 - INFO - AuraConnector: loaded relations batch 718
2025-11-23 21:05:05,654 - INFO - AuraConnector: loaded relations batch 719
2025-11-23 21:05:05,659 - INFO - AuraConnector: loaded relations batch 720
2025-11-23 21:05:05,666 - INFO - AuraConnector: loaded relations batch 721
2025-11-23 21:05:05,666 - INFO - AuraConnector: loaded relations batch 722
2025-11-23 21:05:05,708 - INFO - AuraConnector: loaded relations batch 723
2025-11-23 21:05:05,716 - INFO - AuraConnector: loaded relations batch 724
2025-11-23 21:05:05,756 - INFO - AuraConnector: loaded relations batch 725
2025-11-23 21:05:06,264 - INFO - AuraConnector: loaded relations batch 726
2025-11-23 21:05:06,420 - INFO - AuraConnector: loaded relations batch 727
2025-11-23 21:05:06,693 - INFO - AuraConnector: loaded relations batch 728
2025-11-23 21:05:06,715 - INFO - AuraConnector: loaded relations batch 729
2025-11-23 21:05:06,826 - INFO - AuraConnector: loaded relations batch 730
2025-11-23 21:05:06,993 - INFO - AuraConnector: loaded relations batch 731
2025-11-23 21:05:08,045 - INFO - AuraConnector: loaded relations batch 732
2025-11-23 21:05:08,046 - INFO - AuraConnector: loaded relations batch 733
2025-11-23 21:05:08,050 - INFO - AuraConnector: loaded relations batch 734
2025-11-23 21:05:08,953 - INFO - AuraConnector: loaded relations batch 735
2025-11-23 21:05:08,954 - INFO - AuraConnector: loaded relations batch 736
2025-11-23 21:05:08,955 - INFO - AuraConnector: loaded relations batch 737
2025-11-23 21:05:08,961 - INFO - AuraConnector: loaded relations batch 738
2025-11-23 21:05:08,963 - INFO - AuraConnector: loaded relations batch 739
2025-11-23 21:05:08,966 - INFO - AuraConnector: loaded relations batch 740
2025-11-23 21:05:09,001 - INFO - AuraConnector: loaded relations batch 741
2025-11-23 21:05:09,015 - INFO - AuraConnector: loaded relations batch 742
2025-11-23 21:05:09,743 - INFO - AuraConnector: loaded relations batch 743
2025-11-23 21:05:09,829 - INFO - AuraConnector: loaded relations batch 744
2025-11-23 21:05:10,134 - INFO - AuraConnector: loaded relations batch 745
2025-11-23 21:05:10,211 - INFO - AuraConnector: loaded relations batch 746
2025-11-23 21:05:10,225 - INFO - AuraConnector: loaded relations batch 747
2025-11-23 21:05:11,156 - INFO - AuraConnector: loaded relations batch 748
2025-11-23 21:05:11,157 - INFO - AuraConnector: loaded relations batch 749
2025-11-23 21:05:11,157 - INFO - AuraConnector: loaded relations batch 750
2025-11-23 21:05:12,481 - INFO - AuraConnector: loaded relations batch 751
2025-11-23 21:05:12,516 - INFO - AuraConnector: loaded relations batch 752
2025-11-23 21:05:12,516 - INFO - AuraConnector: loaded relations batch 753
2025-11-23 21:05:12,516 - INFO - AuraConnector: loaded relations batch 754
2025-11-23 21:05:12,666 - INFO - AuraConnector: loaded relations batch 755
2025-11-23 21:05:12,673 - INFO - AuraConnector: loaded relations batch 756
2025-11-23 21:05:12,673 - INFO - AuraConnector: loaded relations batch 757
2025-11-23 21:05:12,797 - INFO - AuraConnector: loaded relations batch 758
2025-11-23 21:05:12,838 - INFO - AuraConnector: loaded relations batch 759
2025-11-23 21:05:13,762 - INFO - AuraConnector: loaded relations batch 760
2025-11-23 21:05:13,764 - INFO - AuraConnector: loaded relations batch 761
2025-11-23 21:05:13,768 - INFO - AuraConnector: loaded relations batch 762
2025-11-23 21:05:13,822 - INFO - AuraConnector: loaded relations batch 763
2025-11-23 21:05:14,890 - INFO - AuraConnector: loaded relations batch 764
2025-11-23 21:05:14,908 - INFO - AuraConnector: loaded relations batch 765
2025-11-23 21:05:15,258 - INFO - AuraConnector: loaded relations batch 766
2025-11-23 21:05:15,513 - INFO - AuraConnector: loaded relations batch 767
2025-11-23 21:05:15,728 - INFO - AuraConnector: loaded relations batch 768
2025-11-23 21:05:16,132 - INFO - AuraConnector: loaded relations batch 769
2025-11-23 21:05:16,161 - INFO - AuraConnector: loaded relations batch 770
2025-11-23 21:05:16,196 - INFO - AuraConnector: loaded relations batch 771
2025-11-23 21:05:16,267 - INFO - AuraConnector: loaded relations batch 772
2025-11-23 21:05:16,371 - INFO - AuraConnector: loaded relations batch 773
2025-11-23 21:05:16,424 - INFO - AuraConnector: loaded relations batch 774
2025-11-23 21:05:16,562 - INFO - AuraConnector: loaded relations batch 775
2025-11-23 21:05:17,615 - INFO - AuraConnector: loaded relations batch 776
2025-11-23 21:05:17,617 - INFO - AuraConnector: loaded relations batch 777
2025-11-23 21:05:17,618 - INFO - AuraConnector: loaded relations batch 778
2025-11-23 21:05:17,637 - INFO - AuraConnector: loaded relations batch 779
2025-11-23 21:05:18,668 - INFO - AuraConnector: loaded relations batch 780
2025-11-23 21:05:18,669 - INFO - AuraConnector: loaded relations batch 781
2025-11-23 21:05:18,783 - INFO - AuraConnector: loaded relations batch 782
2025-11-23 21:05:18,784 - INFO - AuraConnector: loaded relations batch 783
2025-11-23 21:05:18,826 - INFO - AuraConnector: loaded relations batch 784
2025-11-23 21:05:18,842 - INFO - AuraConnector: loaded relations batch 785
2025-11-23 21:05:18,866 - INFO - AuraConnector: loaded relations batch 786
2025-11-23 21:05:18,890 - INFO - AuraConnector: loaded relations batch 787
2025-11-23 21:05:19,171 - INFO - AuraConnector: loaded relations batch 788
2025-11-23 21:05:19,426 - INFO - AuraConnector: loaded relations batch 789
2025-11-23 21:05:19,445 - INFO - AuraConnector: loaded relations batch 790
2025-11-23 21:05:19,468 - INFO - AuraConnector: loaded relations batch 791
2025-11-23 21:05:20,579 - INFO - AuraConnector: loaded relations batch 792
2025-11-23 21:05:20,727 - INFO - AuraConnector: loaded relations batch 793
2025-11-23 21:05:20,788 - INFO - AuraConnector: loaded relations batch 794
2025-11-23 21:05:20,789 - INFO - AuraConnector: loaded relations batch 795
2025-11-23 21:05:21,414 - INFO - AuraConnector: loaded relations batch 796
2025-11-23 21:05:21,415 - INFO - AuraConnector: loaded relations successfully.
2025-11-23 21:05:21,422 - INFO - AuraConnector: Connector's Driver Closed Successfully.
2025-11-23 21:05:21,422 - INFO - Loading stage completed.
